!SESSION 2017-05-29 10:56:32.525 -----------------------------------------------
eclipse.buildId=unknown
java.version=1.8.0_121
java.vendor=Oracle Corporation
BootLoader constants: OS=win32, ARCH=x86, WS=win32, NL=fr_FR
Framework arguments:  -product edu.magasin.ihm.product -clearPersistedState
Command-line arguments:  -product edu.magasin.ihm.product -data C:\tp_osgi\workspaces\TP4magasin/../runtime-edu.magasin.ihm.product -dev file:C:/tp_osgi/workspaces/TP4magasin/.metadata/.plugins/org.eclipse.pde.core/edu.magasin.ihm.product/dev.properties -os win32 -ws win32 -arch x86 -consoleLog -clearPersistedState

!ENTRY org.eclipse.equinox.app 0 0 2017-05-29 10:56:33.164
!MESSAGE Product edu.magasin.ihm.product could not be found.

!ENTRY edu.magasin.ihm 2 0 2017-05-29 10:56:33.179
!MESSAGE Could not resolve module: edu.magasin.ihm [30]
  Unresolved requirement: Require-Bundle: edu.magasin.api


!ENTRY org.eclipse.osgi 4 0 2017-05-29 10:56:33.182
!MESSAGE Application error
!STACK 1
java.lang.RuntimeException: No application id has been found.
	at org.eclipse.equinox.internal.app.EclipseAppContainer.startDefaultApp(EclipseAppContainer.java:242)
	at org.eclipse.equinox.internal.app.MainApplicationLauncher.run(MainApplicationLauncher.java:29)
	at org.eclipse.core.runtime.internal.adaptor.EclipseAppLauncher.runApplication(EclipseAppLauncher.java:134)
	at org.eclipse.core.runtime.internal.adaptor.EclipseAppLauncher.start(EclipseAppLauncher.java:104)
	at org.eclipse.core.runtime.adaptor.EclipseStarter.run(EclipseStarter.java:380)
	at org.eclipse.core.runtime.adaptor.EclipseStarter.run(EclipseStarter.java:235)
	at sun.reflect.NativeMethodAccessorImpl.invoke0(Native Method)
	at sun.reflect.NativeMethodAccessorImpl.invoke(Unknown Source)
	at sun.reflect.DelegatingMethodAccessorImpl.invoke(Unknown Source)
	at java.lang.reflect.Method.invoke(Unknown Source)
	at org.eclipse.equinox.launcher.Main.invokeFramework(Main.java:669)
	at org.eclipse.equinox.launcher.Main.basicRun(Main.java:608)
	at org.eclipse.equinox.launcher.Main.run(Main.java:1515)
	at org.eclipse.equinox.launcher.Main.main(Main.java:1488)
